<?xml version="1.0" encoding="UTF-8"?>
<!-- Generated by org.testng.reporters.JUnitReportReporter -->
<testsuite hostname="DESKTOP-IBKD4BO" failures="0" tests="1" name="Java.WaseemMavenThree.RegisterTest" time="13.122" errors="0" timestamp="2025-08-25T12:08:34 IST" skipped="0">
  <testcase classname="Java.WaseemMavenThree.RegisterTest" name="RegisterUser" time="13.122"/>
</testsuite> <!-- Java.WaseemMavenThree.RegisterTest -->
