<?xml version="1.0" encoding="UTF-8"?>
<!-- Generated by org.testng.reporters.JUnitReportReporter -->
<testsuite hostname="DESKTOP-IBKD4BO" failures="0" tests="1" name="Java.WaseemMavenThree.StandAloneTest" time="21.860" errors="0" timestamp="2025-07-26T08:47:21 IST" skipped="0">
  <testcase classname="Java.WaseemMavenThree.StandAloneTest" name="StandAlone" time="21.860"/>
</testsuite> <!-- Java.WaseemMavenThree.StandAloneTest -->
